<?xml version="1.0" encoding="UTF-8"?>
<testsuite name="com.jojoldu.book.springboot.web.IndexControllerTest" tests="1" skipped="0" failures="0" errors="0" timestamp="2021-10-07T06:21:41" hostname="SKMNS201410051" time="0.226">
  <properties/>
  <testcase name="메인페이지_로딩" classname="com.jojoldu.book.springboot.web.IndexControllerTest" time="0.226"/>
  <system-out><![CDATA[2021-10-07 15:21:39.231  INFO 21640 --- [    Test worker] .b.t.c.SpringBootTestContextBootstrapper : Neither @ContextConfiguration nor @ContextHierarchy found for test class [com.jojoldu.book.springboot.web.IndexControllerTest], using SpringBootContextLoader
2021-10-07 15:21:39.232  INFO 21640 --- [    Test worker] o.s.t.c.support.AbstractContextLoader    : Could not detect default resource locations for test class [com.jojoldu.book.springboot.web.IndexControllerTest]: no resource found for suffixes {-context.xml, Context.groovy}.
2021-10-07 15:21:39.232  INFO 21640 --- [    Test worker] t.c.s.AnnotationConfigContextLoaderUtils : Could not detect default configuration classes for test class [com.jojoldu.book.springboot.web.IndexControllerTest]: IndexControllerTest does not declare any static, non-private, non-final, nested classes annotated with @Configuration.
2021-10-07 15:21:39.233  INFO 21640 --- [    Test worker] .b.t.c.SpringBootTestContextBootstrapper : Found @SpringBootConfiguration com.jojoldu.book.springboot.Application for test class com.jojoldu.book.springboot.web.IndexControllerTest
2021-10-07 15:21:39.234  INFO 21640 --- [    Test worker] .b.t.c.SpringBootTestContextBootstrapper : Loaded default TestExecutionListener class names from location [META-INF/spring.factories]: [org.springframework.security.test.context.support.WithSecurityContextTestExecutionListener, org.springframework.security.test.context.support.ReactorContextTestExecutionListener, org.springframework.boot.test.autoconfigure.restdocs.RestDocsTestExecutionListener, org.springframework.boot.test.autoconfigure.web.client.MockRestServiceServerResetTestExecutionListener, org.springframework.boot.test.autoconfigure.web.servlet.MockMvcPrintOnlyOnFailureTestExecutionListener, org.springframework.boot.test.autoconfigure.web.servlet.WebDriverTestExecutionListener, org.springframework.boot.test.mock.mockito.MockitoTestExecutionListener, org.springframework.boot.test.mock.mockito.ResetMocksTestExecutionListener, org.springframework.test.context.web.ServletTestExecutionListener, org.springframework.test.context.support.DirtiesContextBeforeModesTestExecutionListener, org.springframework.test.context.support.DependencyInjectionTestExecutionListener, org.springframework.test.context.support.DirtiesContextTestExecutionListener, org.springframework.test.context.transaction.TransactionalTestExecutionListener, org.springframework.test.context.jdbc.SqlScriptsTestExecutionListener]
2021-10-07 15:21:39.235  INFO 21640 --- [    Test worker] .b.t.c.SpringBootTestContextBootstrapper : Using TestExecutionListeners: [org.springframework.test.context.web.ServletTestExecutionListener@175b71ca, org.springframework.test.context.support.DirtiesContextBeforeModesTestExecutionListener@18cf74c, org.springframework.boot.test.mock.mockito.MockitoTestExecutionListener@c74894f, org.springframework.boot.test.autoconfigure.SpringBootDependencyInjectionTestExecutionListener@3f9106de, org.springframework.test.context.support.DirtiesContextTestExecutionListener@7308f5c7, org.springframework.test.context.transaction.TransactionalTestExecutionListener@15d85a7d, org.springframework.test.context.jdbc.SqlScriptsTestExecutionListener@3d4e8778, org.springframework.security.test.context.support.WithSecurityContextTestExecutionListener@a5ed1f9, org.springframework.security.test.context.support.ReactorContextTestExecutionListener@3eccabb8, org.springframework.boot.test.autoconfigure.restdocs.RestDocsTestExecutionListener@699005ae, org.springframework.boot.test.autoconfigure.web.client.MockRestServiceServerResetTestExecutionListener@20ac2aa3, org.springframework.boot.test.autoconfigure.web.servlet.MockMvcPrintOnlyOnFailureTestExecutionListener@5c01f656, org.springframework.boot.test.autoconfigure.web.servlet.WebDriverTestExecutionListener@74b1705, org.springframework.boot.test.mock.mockito.ResetMocksTestExecutionListener@6e9fdf37]

  .   ____          _            __ _ _
 /\\ / ___'_ __ _ _(_)_ __  __ _ \ \ \ \
( ( )\___ | '_ | '_| | '_ \/ _` | \ \ \ \
 \\/  ___)| |_)| | | | | || (_| |  ) ) ) )
  '  |____| .__|_| |_|_| |_\__, | / / / /
 =========|_|==============|___/=/_/_/_/
 :: Spring Boot ::        (v2.1.7.RELEASE)

2021-10-07 15:21:39.260  INFO 21640 --- [    Test worker] c.j.b.s.web.IndexControllerTest          : Starting IndexControllerTest on SKMNS201410051 with PID 21640 (started by 201410051 in D:\project\aws)
2021-10-07 15:21:39.260  INFO 21640 --- [    Test worker] c.j.b.s.web.IndexControllerTest          : No active profile set, falling back to default profiles: default
2021-10-07 15:21:39.489  INFO 21640 --- [    Test worker] .s.d.r.c.RepositoryConfigurationDelegate : Bootstrapping Spring Data repositories in DEFAULT mode.
2021-10-07 15:21:39.508  INFO 21640 --- [    Test worker] .s.d.r.c.RepositoryConfigurationDelegate : Finished Spring Data repository scanning in 19ms. Found 2 repository interfaces.
2021-10-07 15:21:39.575  INFO 21640 --- [    Test worker] trationDelegate$BeanPostProcessorChecker : Bean 'org.springframework.transaction.annotation.ProxyTransactionManagementConfiguration' of type [org.springframework.transaction.annotation.ProxyTransactionManagementConfiguration$$EnhancerBySpringCGLIB$$e4920b18] is not eligible for getting processed by all BeanPostProcessors (for example: not eligible for auto-proxying)
2021-10-07 15:21:39.835  INFO 21640 --- [    Test worker] o.s.b.w.embedded.tomcat.TomcatWebServer  : Tomcat initialized with port(s): 0 (http)
2021-10-07 15:21:39.863  INFO 21640 --- [    Test worker] o.apache.catalina.core.StandardService   : Starting service [Tomcat]
2021-10-07 15:21:39.864  INFO 21640 --- [    Test worker] org.apache.catalina.core.StandardEngine  : Starting Servlet engine: [Apache Tomcat/9.0.22]
2021-10-07 15:21:40.600  INFO 21640 --- [    Test worker] o.a.c.c.C.[Tomcat].[localhost].[/]       : Initializing Spring embedded WebApplicationContext
2021-10-07 15:21:40.600  INFO 21640 --- [    Test worker] o.s.web.context.ContextLoader            : Root WebApplicationContext: initialization completed in 1337 ms
2021-10-07 15:21:40.815  INFO 21640 --- [    Test worker] com.zaxxer.hikari.HikariDataSource       : HikariPool-2 - Starting...
2021-10-07 15:21:40.816  INFO 21640 --- [    Test worker] com.zaxxer.hikari.HikariDataSource       : HikariPool-2 - Start completed.
2021-10-07 15:21:40.906  INFO 21640 --- [    Test worker] o.hibernate.jpa.internal.util.LogHelper  : HHH000204: Processing PersistenceUnitInfo [
	name: default
	...]
2021-10-07 15:21:40.929  INFO 21640 --- [    Test worker] org.hibernate.dialect.Dialect            : HHH000400: Using dialect: org.hibernate.dialect.MySQL57Dialect
Hibernate: drop table if exists posts
Hibernate: drop table if exists user
Hibernate: create table posts (id bigint not null auto_increment, created_data datetime(6), modified_dte datetime(6), author varchar(255), content TEXT not null, title varchar(500) not null, primary key (id)) engine=InnoDB
Hibernate: create table user (id bigint not null auto_increment, created_data datetime(6), modified_dte datetime(6), email varchar(255) not null, name varchar(255) not null, picture varchar(255), role varchar(255) not null, primary key (id)) engine=InnoDB
2021-10-07 15:21:41.022  INFO 21640 --- [    Test worker] o.h.t.schema.internal.SchemaCreatorImpl  : HHH000476: Executing import script 'org.hibernate.tool.schema.internal.exec.ScriptSourceInputNonExistentImpl@615b5cf3'
2021-10-07 15:21:41.022  INFO 21640 --- [    Test worker] j.LocalContainerEntityManagerFactoryBean : Initialized JPA EntityManagerFactory for persistence unit 'default'
2021-10-07 15:21:41.484  INFO 21640 --- [    Test worker] o.s.s.web.DefaultSecurityFilterChain     : Creating filter chain: any request, [org.springframework.security.web.context.request.async.WebAsyncManagerIntegrationFilter@2ace1e55, org.springframework.security.web.context.SecurityContextPersistenceFilter@46940644, org.springframework.security.web.header.HeaderWriterFilter@5619b727, org.springframework.security.web.authentication.logout.LogoutFilter@5e606640, org.springframework.security.oauth2.client.web.OAuth2AuthorizationRequestRedirectFilter@622760ec, org.springframework.security.oauth2.client.web.OAuth2LoginAuthenticationFilter@592bc9a2, org.springframework.security.web.authentication.ui.DefaultLoginPageGeneratingFilter@3820e126, org.springframework.security.web.authentication.ui.DefaultLogoutPageGeneratingFilter@7b0f1bf1, org.springframework.security.web.savedrequest.RequestCacheAwareFilter@39b92d92, org.springframework.security.web.servletapi.SecurityContextHolderAwareRequestFilter@2282150d, org.springframework.security.web.authentication.AnonymousAuthenticationFilter@2276347c, org.springframework.security.web.session.SessionManagementFilter@5439d033, org.springframework.security.web.access.ExceptionTranslationFilter@151d59f5, org.springframework.security.web.access.intercept.FilterSecurityInterceptor@4e53f86d]
2021-10-07 15:21:41.595  INFO 21640 --- [    Test worker] o.s.s.concurrent.ThreadPoolTaskExecutor  : Initializing ExecutorService 'applicationTaskExecutor'
2021-10-07 15:21:41.602  WARN 21640 --- [    Test worker] aWebConfiguration$JpaWebMvcConfiguration : spring.jpa.open-in-view is enabled by default. Therefore, database queries may be performed during view rendering. Explicitly configure spring.jpa.open-in-view to disable this warning
2021-10-07 15:21:41.618  INFO 21640 --- [    Test worker] o.s.b.a.w.s.WelcomePageHandlerMapping    : Adding welcome page template: index
2021-10-07 15:21:41.805  INFO 21640 --- [    Test worker] s.a.ScheduledAnnotationBeanPostProcessor : No TaskScheduler/ScheduledExecutorService bean found for scheduled processing
2021-10-07 15:21:41.841  INFO 21640 --- [    Test worker] o.s.b.w.embedded.tomcat.TomcatWebServer  : Tomcat started on port(s): 62410 (http) with context path ''
2021-10-07 15:21:41.841  INFO 21640 --- [    Test worker] c.j.b.s.web.IndexControllerTest          : Started IndexControllerTest in 2.604 seconds (JVM running for 10.952)
2021-10-07 15:21:41.934  INFO 21640 --- [o-auto-1-exec-1] o.a.c.c.C.[Tomcat].[localhost].[/]       : Initializing Spring DispatcherServlet 'dispatcherServlet'
2021-10-07 15:21:41.934  INFO 21640 --- [o-auto-1-exec-1] o.s.web.servlet.DispatcherServlet        : Initializing Servlet 'dispatcherServlet'
2021-10-07 15:21:41.976  INFO 21640 --- [o-auto-1-exec-1] o.s.web.servlet.DispatcherServlet        : Completed initialization in 42 ms
Hibernate: SELECT p.* FROM posts p ORDER BY p.id DESC
]]></system-out>
  <system-err><![CDATA[]]></system-err>
</testsuite>
